<?xml version="1.0" encoding="UTF-8"?>
<testsuite xmlns:xsi="http://www.w3.org/2001/XMLSchema-instance" xsi:noNamespaceSchemaLocation="https://maven.apache.org/surefire/maven-surefire-plugin/xsd/surefire-test-report.xsd" version="3.0.2" name="com.example.stellarScanOrbit.StellarScanOrbitApplicationTests" time="1.228" tests="1" errors="0" skipped="0" failures="0">
  <properties>
[...]
</properties>
  <testcase name="contextLoads" classname="com.example.stellarScanOrbit.StellarScanOrbitApplicationTests" time="0.429">
    <system-out><![CDATA[15:17:09.775 [main] INFO org.springframework.test.context.support.AnnotationConfigContextLoaderUtils -- Could not detect default configuration classes for test class [com.example.stellarScanOrbit.StellarScanOrbitApplicationTests]: StellarScanOrbitApplicationTests does not declare any static, non-private, non-final, nested classes annotated with @Configuration.
15:17:09.827 [main] INFO org.springframework.boot.test.context.SpringBootTestContextBootstrapper -- Found @SpringBootConfiguration com.example.stellarScanOrbit.StellarScanOrbitApplication for test class com.example.stellarScanOrbit.StellarScanOrbitApplicationTests

  .   ____          _            __ _ _
 /\\ / ___'_ __ _ _(_)_ __  __ _ \ \ \ \
( ( )\___ | '_ | '_| | '_ \/ _` | \ \ \ \
 \\/  ___)| |_)| | | | | || (_| |  ) ) ) )
  '  |____| .__|_| |_|_| |_\__, | / / / /
 =========|_|==============|___/=/_/_/_/

 :: Spring Boot ::                (v3.5.3)

2025-07-18T15:17:10.024+05:30  WARN 80088 --- [stellarScanOrbit] [           main] ory$DuplicateJsonObjectContextCustomizer : 

Found multiple occurrences of org.json.JSONObject on the class path:

	jar:file:/Users/yashudasi2345/.m2/repository/org/json/json/20240303/json-20240303.jar!/org/json/JSONObject.class
	jar:file:/Users/yashudasi2345/.m2/repository/com/vaadin/external/google/android-json/0.0.20131108.vaadin1/android-json-0.0.20131108.vaadin1.jar!/org/json/JSONObject.class

You may wish to exclude one of them to ensure predictable runtime behavior

2025-07-18T15:17:10.031+05:30  INFO 80088 --- [stellarScanOrbit] [           main] c.e.s.StellarScanOrbitApplicationTests   : Starting StellarScanOrbitApplicationTests using Java 22.0.2 with PID 80088 (started by yashudasi2345 in /Users/yashudasi2345/Downloads/stellarScanOrbit)
2025-07-18T15:17:10.032+05:30  INFO 80088 --- [stellarScanOrbit] [           main] c.e.s.StellarScanOrbitApplicationTests   : No active profile set, falling back to 1 default profile: "default"
2025-07-18T15:17:10.493+05:30  INFO 80088 --- [stellarScanOrbit] [           main] c.e.s.StellarScanOrbitApplicationTests   : Started StellarScanOrbitApplicationTests in 0.609 seconds (process running for 1.0)
]]></system-out>
    <system-err><![CDATA[Mockito is currently self-attaching to enable the inline-mock-maker. This will no longer work in future releases of the JDK. Please add Mockito as an agent to your build as described in Mockito's documentation: https://javadoc.io/doc/org.mockito/mockito-core/latest/org.mockito/org/mockito/Mockito.html#0.3
WARNING: A Java agent has been loaded dynamically (/Users/yashudasi2345/.m2/repository/net/bytebuddy/byte-buddy-agent/1.17.6/byte-buddy-agent-1.17.6.jar)
WARNING: If a serviceability tool is in use, please run with -XX:+EnableDynamicAgentLoading to hide this warning
WARNING: If a serviceability tool is not in use, please run with -Djdk.instrument.traceUsage for more information
WARNING: Dynamic loading of agents will be disallowed by default in a future release
]]></system-err>
  </testcase>
</testsuite>